<?xml version="1.0" encoding="UTF-8"?>
<testsuite xmlns:xsi="http://www.w3.org/2001/XMLSchema-instance" xsi:noNamespaceSchemaLocation="https://maven.apache.org/surefire/maven-surefire-plugin/xsd/surefire-test-report.xsd" name="com.mycompany.my_app.AppTest" time="0.021" tests="1" errors="0" skipped="0" failures="0">
  <properties>
    <property name="java.specification.version" value="17"/>
    <property name="sun.cpu.isalist" value="amd64"/>
    <property name="sun.jnu.encoding" value="Cp1252"/>
    <property name="java.class.path" value="D:\Users\KITS_005\eclipse-workspace\my-app\target\test-classes;D:\Users\KITS_005\eclipse-workspace\my-app\target\classes;D:\Users\KITS_005\eclipse-workspace\my-app\Users\KITS_005\.m2\repository\junit\junit\4.11\junit-4.11.jar;D:\Users\KITS_005\eclipse-workspace\my-app\Users\KITS_005\.m2\repository\org\hamcrest\hamcrest-core\1.3\hamcrest-core-1.3.jar;D:\Users\KITS_005\eclipse-workspace\my-app\Users\KITS_005\.m2\repository\mysql\mysql-connector-java\8.0.29\mysql-connector-java-8.0.29.jar;D:\Users\KITS_005\eclipse-workspace\my-app\Users\KITS_005\.m2\repository\com\google\protobuf\protobuf-java\3.19.4\protobuf-java-3.19.4.jar;"/>
    <property name="java.vm.vendor" value="Eclipse Adoptium"/>
    <property name="sun.arch.data.model" value="64"/>
    <property name="user.variant" value=""/>
    <property name="java.vendor.url" value="https://adoptium.net/"/>
    <property name="user.timezone" value="Asia/Bangkok"/>
    <property name="os.name" value="Windows 10"/>
    <property name="java.vm.specification.version" value="17"/>
    <property name="sun.java.launcher" value="SUN_STANDARD"/>
    <property name="user.country" value="US"/>
    <property name="sun.boot.library.path" value="D:\Program Files\Eclipse Adoptium\jdk-17.0.3.7-hotspot\bin"/>
    <property name="sun.java.command" value="C:\Users\KITS_005\AppData\Local\Temp\surefire4319138921522398068\surefirebooter11832926472890623099.jar C:\Users\KITS_005\AppData\Local\Temp\surefire4319138921522398068 2022-06-17T16-36-17_264-jvmRun1 surefire8791308654922895068tmp surefire_08390251433284778368tmp"/>
    <property name="jdk.debug" value="release"/>
    <property name="surefire.test.class.path" value="D:\Users\KITS_005\eclipse-workspace\my-app\target\test-classes;D:\Users\KITS_005\eclipse-workspace\my-app\target\classes;D:\Users\KITS_005\eclipse-workspace\my-app\Users\KITS_005\.m2\repository\junit\junit\4.11\junit-4.11.jar;D:\Users\KITS_005\eclipse-workspace\my-app\Users\KITS_005\.m2\repository\org\hamcrest\hamcrest-core\1.3\hamcrest-core-1.3.jar;D:\Users\KITS_005\eclipse-workspace\my-app\Users\KITS_005\.m2\repository\mysql\mysql-connector-java\8.0.29\mysql-connector-java-8.0.29.jar;D:\Users\KITS_005\eclipse-workspace\my-app\Users\KITS_005\.m2\repository\com\google\protobuf\protobuf-java\3.19.4\protobuf-java-3.19.4.jar;"/>
    <property name="sun.cpu.endian" value="little"/>
    <property name="user.home" value="C:\Users\KITS_005"/>
    <property name="user.language" value="en"/>
    <property name="java.specification.vendor" value="Oracle Corporation"/>
    <property name="java.version.date" value="2022-04-19"/>
    <property name="java.home" value="D:\Program Files\Eclipse Adoptium\jdk-17.0.3.7-hotspot"/>
    <property name="file.separator" value="\"/>
    <property name="basedir" value="D:\Users\KITS_005\eclipse-workspace\my-app"/>
    <property name="java.vm.compressedOopsMode" value="32-bit"/>
    <property name="line.separator" value="&#10;"/>
    <property name="java.vm.specification.vendor" value="Oracle Corporation"/>
    <property name="java.specification.name" value="Java Platform API Specification"/>
    <property name="surefire.real.class.path" value="C:\Users\KITS_005\AppData\Local\Temp\surefire4319138921522398068\surefirebooter11832926472890623099.jar"/>
    <property name="user.script" value=""/>
    <property name="sun.management.compiler" value="HotSpot 64-Bit Tiered Compilers"/>
    <property name="java.runtime.version" value="17.0.3+7"/>
    <property name="user.name" value="KITS_005"/>
    <property name="path.separator" value=";"/>
    <property name="os.version" value="10.0"/>
    <property name="java.runtime.name" value="OpenJDK Runtime Environment"/>
    <property name="file.encoding" value="Cp1252"/>
    <property name="java.vm.name" value="OpenJDK 64-Bit Server VM"/>
    <property name="java.vendor.version" value="Temurin-17.0.3+7"/>
    <property name="localRepository" value="D:\Users\KITS_005\eclipse-workspace\my-app\Users\KITS_005\.m2\repository"/>
    <property name="java.vendor.url.bug" value="https://github.com/adoptium/adoptium-support/issues"/>
    <property name="java.io.tmpdir" value="C:\Users\KITS_005\AppData\Local\Temp\"/>
    <property name="java.version" value="17.0.3"/>
    <property name="user.dir" value="D:\Users\KITS_005\eclipse-workspace\my-app"/>
    <property name="os.arch" value="amd64"/>
    <property name="java.vm.specification.name" value="Java Virtual Machine Specification"/>
    <property name="sun.os.patch.level" value=""/>
    <property name="native.encoding" value="Cp1252"/>
    <property name="java.library.path" value="D:\Program Files\Eclipse Adoptium\jdk-17.0.3.7-hotspot\bin;C:\WINDOWS\Sun\Java\bin;C:\WINDOWS\system32;C:\WINDOWS;D:/Program Files/Eclipse Adoptium/jdk-17.0.3.7-hotspot/bin/server;D:/Program Files/Eclipse Adoptium/jdk-17.0.3.7-hotspot/bin;C:\Program Files (x86)\Common Files\Oracle\Java\javapath;D:\Program Files\Eclipse Adoptium\jdk-17.0.3.7-hotspot\bin;D:\Program Files\Git\cmd;C:\anaconda3;C:\anaconda3\Library\mingw-w64\bin;C:\anaconda3\Library\usr\bin;C:\anaconda3\Library\bin;C:\anaconda3\Scripts;C:\Users\KITS_005\AppData\Local\Microsoft\WindowsApps;C:\Users\KITS_005\AppData\Local\Programs\Microsoft VS Code\bin;;C:\WINDOWS\System32;;."/>
    <property name="java.vm.info" value="mixed mode, sharing"/>
    <property name="java.vendor" value="Eclipse Adoptium"/>
    <property name="java.vm.version" value="17.0.3+7"/>
    <property name="sun.io.unicode.encoding" value="UnicodeLittle"/>
    <property name="java.class.version" value="61.0"/>
  </properties>
  <testcase name="shouldAnswerWithTrue" classname="com.mycompany.my_app.AppTest" time="0.001"/>
</testsuite>